<?xml version="1.0" encoding="UTF-8"?>
<!-- Generated by org.testng.reporters.JUnitXMLReporter -->
<testsuite ignored="6" hostname="DESKTOP-JTCIL9C" failures="1" tests="4" name="Test" time="99.238" errors="0" timestamp="2023-10-08T11:34:52 IST">
  <testcase classname="WalmartCaTest.OnboardTest" name="VerifyStep1Link" time="57.531"/>
  <testcase classname="WalmartCaTest.OnboardTest" name="BothValid" time="6.684"/>
  <testcase classname="WalmartCaTest.OnboardTest" name="VerifyNextButtonBytype" time="32.088"/>
  <testcase classname="WalmartCaTest.OnboardTest" name="verifyDefaultProfile" time="2.798">
    <failure type="java.lang.AssertionError" message="Test failded expected [true] but found [false]">
      <![CDATA[java.lang.AssertionError: Test failded expected [true] but found [false]
at WalmartCaTest.OnboardTest.verifyDefaultProfile(OnboardTest.java:405)
at java.base/java.util.ArrayList.forEach(ArrayList.java:1511)
... Removed 30 stack frames]]>
    </failure>
  </testcase> <!-- verifyDefaultProfile -->
  <testcase classname="WalmartCaTest.OnboardTest" name="VerifyClickHereLink" time="0.0">
    <ignored/>
  </testcase> <!-- VerifyClickHereLink -->
  <testcase classname="WalmartCaTest.OnboardTest" name="CheckSkipandContinueBtnisredirecting" time="0.0">
    <ignored/>
  </testcase> <!-- CheckSkipandContinueBtnisredirecting -->
  <testcase classname="WalmartCaTest.OnboardTest" name="VerifyValidationtext" time="0.0">
    <ignored/>
  </testcase> <!-- VerifyValidationtext -->
  <testcase classname="WalmartCaTest.OnboardTest" name="VerifyCategoryDropdown" time="0.0">
    <ignored/>
  </testcase> <!-- VerifyCategoryDropdown -->
  <testcase classname="WalmartCaTest.OnboardTest" name="CheckSkipandContinueBtnisVisible" time="0.0">
    <ignored/>
  </testcase> <!-- CheckSkipandContinueBtnisVisible -->
  <testcase classname="WalmartCaTest.OnboardTest" name="VerifyValidationForRequiredAttributes" time="0.0">
    <ignored/>
  </testcase> <!-- VerifyValidationForRequiredAttributes -->
</testsuite> <!-- Test -->
