<?xml version="1.0" encoding="UTF-8"?>
<testng-results ignored="0" total="16" passed="14" failed="2" skipped="0">
  <reporter-output>
  </reporter-output>
  <suite started-at="2023-09-23T22:15:41 IST" name="Suite" finished-at="2023-09-23T22:18:15 IST" duration-ms="154592">
    <groups>
    </groups>
    <test started-at="2023-09-23T22:15:41 IST" name="Test" finished-at="2023-09-23T22:18:15 IST" duration-ms="154592">
      <class name="WalmartCaTest.OnboardTest">
        <test-method signature="VerifyStep1Link()[pri:1, instance:WalmartCaTest.OnboardTest@7d3e8655]" started-at="2023-09-23T22:15:41 IST" name="VerifyStep1Link" finished-at="2023-09-23T22:16:37 IST" duration-ms="56664" status="PASS">
          <reporter-output>
          </reporter-output>
        </test-method> <!-- VerifyStep1Link -->
        <test-method signature="VerifyClickHereLink()[pri:2, instance:WalmartCaTest.OnboardTest@7d3e8655]" started-at="2023-09-23T22:16:37 IST" name="VerifyClickHereLink" finished-at="2023-09-23T22:16:41 IST" duration-ms="3126" status="PASS">
          <reporter-output>
          </reporter-output>
        </test-method> <!-- VerifyClickHereLink -->
        <test-method signature="verifyContactUS()[pri:3, instance:WalmartCaTest.OnboardTest@7d3e8655]" started-at="2023-09-23T22:16:41 IST" name="verifyContactUS" finished-at="2023-09-23T22:16:44 IST" duration-ms="3074" status="PASS">
          <reporter-output>
          </reporter-output>
        </test-method> <!-- verifyContactUS -->
        <test-method signature="uncheckCheckBox()[pri:4, instance:WalmartCaTest.OnboardTest@7d3e8655]" started-at="2023-09-23T22:16:44 IST" name="uncheckCheckBox" finished-at="2023-09-23T22:16:48 IST" duration-ms="3879" status="PASS">
          <reporter-output>
          </reporter-output>
        </test-method> <!-- uncheckCheckBox -->
        <test-method signature="checkCheckBox()[pri:5, instance:WalmartCaTest.OnboardTest@7d3e8655]" started-at="2023-09-23T22:16:48 IST" name="checkCheckBox" finished-at="2023-09-23T22:16:50 IST" duration-ms="2522" status="PASS">
          <reporter-output>
          </reporter-output>
        </test-method> <!-- checkCheckBox -->
        <test-method signature="readMoreClickable()[pri:6, instance:WalmartCaTest.OnboardTest@7d3e8655]" started-at="2023-09-23T22:16:50 IST" name="readMoreClickable" finished-at="2023-09-23T22:16:51 IST" duration-ms="1010" status="PASS">
          <reporter-output>
          </reporter-output>
        </test-method> <!-- readMoreClickable -->
        <test-method signature="SellerCenterClickable()[pri:7, instance:WalmartCaTest.OnboardTest@7d3e8655]" started-at="2023-09-23T22:16:51 IST" name="SellerCenterClickable" finished-at="2023-09-23T22:16:56 IST" duration-ms="4898" status="PASS">
          <reporter-output>
          </reporter-output>
        </test-method> <!-- SellerCenterClickable -->
        <test-method signature="IfConsumeridIsgiven()[pri:8, instance:WalmartCaTest.OnboardTest@7d3e8655]" started-at="2023-09-23T22:16:56 IST" name="IfConsumeridIsgiven" finished-at="2023-09-23T22:17:00 IST" duration-ms="3554" status="PASS">
          <reporter-output>
          </reporter-output>
        </test-method> <!-- IfConsumeridIsgiven -->
        <test-method signature="IfSecretKeyIsgiven()[pri:9, instance:WalmartCaTest.OnboardTest@7d3e8655]" started-at="2023-09-23T22:17:00 IST" name="IfSecretKeyIsgiven" finished-at="2023-09-23T22:17:03 IST" duration-ms="3552" status="PASS">
          <reporter-output>
          </reporter-output>
        </test-method> <!-- IfSecretKeyIsgiven -->
        <test-method signature="BothInvalid()[pri:10, instance:WalmartCaTest.OnboardTest@7d3e8655]" started-at="2023-09-23T22:17:03 IST" name="BothInvalid" finished-at="2023-09-23T22:17:07 IST" duration-ms="3738" status="PASS">
          <reporter-output>
          </reporter-output>
        </test-method> <!-- BothInvalid -->
        <test-method signature="BothValid()[pri:11, instance:WalmartCaTest.OnboardTest@7d3e8655]" started-at="2023-09-23T22:17:07 IST" name="BothValid" finished-at="2023-09-23T22:17:13 IST" duration-ms="6576" status="PASS">
          <reporter-output>
          </reporter-output>
        </test-method> <!-- BothValid -->
        <test-method signature="ImportOptionVisible()[pri:12, instance:WalmartCaTest.OnboardTest@7d3e8655]" started-at="2023-09-23T22:17:13 IST" name="ImportOptionVisible" finished-at="2023-09-23T22:17:15 IST" duration-ms="1749" status="PASS">
          <reporter-output>
          </reporter-output>
        </test-method> <!-- ImportOptionVisible -->
        <test-method signature="ClickOnApplyFilter()[pri:13, instance:WalmartCaTest.OnboardTest@7d3e8655]" started-at="2023-09-23T22:17:15 IST" name="ClickOnApplyFilter" finished-at="2023-09-23T22:17:18 IST" duration-ms="2718" status="PASS">
          <reporter-output>
          </reporter-output>
        </test-method> <!-- ClickOnApplyFilter -->
        <test-method signature="selectProductType()[pri:14, instance:WalmartCaTest.OnboardTest@7d3e8655]" started-at="2023-09-23T22:17:18 IST" name="selectProductType" finished-at="2023-09-23T22:17:22 IST" duration-ms="4269" status="FAIL">
          <exception class="org.openqa.selenium.ElementClickInterceptedException">
            <message>
              <![CDATA[element click intercepted: Element <a href="javascript:void(0)" onclick="cedProductImport.getFilterLayout(this)" id="ced_fetch_by_link" data-value="product_type">...</a> is not clickable at point (336, 534). Other element would receive the click: <div class="Polaris-ButtonGroup">...</div>
  (Session info: chrome=114.0.5735.199)
Build info: version: '4.9.1', revision: 'eb2032df7f'
System info: os.name: 'Windows 10', os.arch: 'amd64', os.version: '10.0', java.version: '17.0.7'
Driver info: org.openqa.selenium.chrome.ChromeDriver
Command: [60152c8ed296a36b5356b8e55e84fa5f, clickElement {id=C1F34327A1331C77135D2A347A230339_element_487}]
Capabilities {acceptInsecureCerts: false, browserName: chrome, browserVersion: 114.0.5735.199, chrome: {chromedriverVersion: 114.0.5735.90 (386bc09e8f4f..., userDataDir: C:\Users\Rishabh\AppData\Lo...}, goog:chromeOptions: {debuggerAddress: localhost:56631}, networkConnectionEnabled: false, pageLoadStrategy: normal, platformName: windows, proxy: Proxy(), se:cdp: ws://localhost:56631/devtoo..., se:cdpVersion: 114.0.5735.199, setWindowRect: true, strictFileInteractability: false, timeouts: {implicit: 0, pageLoad: 300000, script: 30000}, unhandledPromptBehavior: dismiss and notify, webauthn:extension:credBlob: true, webauthn:extension:largeBlob: true, webauthn:extension:minPinLength: true, webauthn:extension:prf: true, webauthn:virtualAuthenticators: true}
Element: [[ChromeDriver: chrome on windows (60152c8ed296a36b5356b8e55e84fa5f)] -> id: ced_fetch_by_link]
Session ID: 60152c8ed296a36b5356b8e55e84fa5f]]>
            </message>
            <full-stacktrace>
              <![CDATA[org.openqa.selenium.ElementClickInterceptedException: element click intercepted: Element <a href="javascript:void(0)" onclick="cedProductImport.getFilterLayout(this)" id="ced_fetch_by_link" data-value="product_type">...</a> is not clickable at point (336, 534). Other element would receive the click: <div class="Polaris-ButtonGroup">...</div>
  (Session info: chrome=114.0.5735.199)
Build info: version: '4.9.1', revision: 'eb2032df7f'
System info: os.name: 'Windows 10', os.arch: 'amd64', os.version: '10.0', java.version: '17.0.7'
Driver info: org.openqa.selenium.chrome.ChromeDriver
Command: [60152c8ed296a36b5356b8e55e84fa5f, clickElement {id=C1F34327A1331C77135D2A347A230339_element_487}]
Capabilities {acceptInsecureCerts: false, browserName: chrome, browserVersion: 114.0.5735.199, chrome: {chromedriverVersion: 114.0.5735.90 (386bc09e8f4f..., userDataDir: C:\Users\Rishabh\AppData\Lo...}, goog:chromeOptions: {debuggerAddress: localhost:56631}, networkConnectionEnabled: false, pageLoadStrategy: normal, platformName: windows, proxy: Proxy(), se:cdp: ws://localhost:56631/devtoo..., se:cdpVersion: 114.0.5735.199, setWindowRect: true, strictFileInteractability: false, timeouts: {implicit: 0, pageLoad: 300000, script: 30000}, unhandledPromptBehavior: dismiss and notify, webauthn:extension:credBlob: true, webauthn:extension:largeBlob: true, webauthn:extension:minPinLength: true, webauthn:extension:prf: true, webauthn:virtualAuthenticators: true}
Element: [[ChromeDriver: chrome on windows (60152c8ed296a36b5356b8e55e84fa5f)] -> id: ced_fetch_by_link]
Session ID: 60152c8ed296a36b5356b8e55e84fa5f
at java.base/jdk.internal.reflect.NativeConstructorAccessorImpl.newInstance0(Native Method)
at java.base/jdk.internal.reflect.NativeConstructorAccessorImpl.newInstance(NativeConstructorAccessorImpl.java:77)
at java.base/jdk.internal.reflect.DelegatingConstructorAccessorImpl.newInstance(DelegatingConstructorAccessorImpl.java:45)
at java.base/java.lang.reflect.Constructor.newInstanceWithCaller(Constructor.java:499)
at java.base/java.lang.reflect.Constructor.newInstance(Constructor.java:480)
at org.openqa.selenium.remote.codec.w3c.W3CHttpResponseCodec.createException(W3CHttpResponseCodec.java:200)
at org.openqa.selenium.remote.codec.w3c.W3CHttpResponseCodec.decode(W3CHttpResponseCodec.java:133)
at org.openqa.selenium.remote.codec.w3c.W3CHttpResponseCodec.decode(W3CHttpResponseCodec.java:53)
at org.openqa.selenium.remote.HttpCommandExecutor.execute(HttpCommandExecutor.java:193)
at org.openqa.selenium.remote.service.DriverCommandExecutor.invokeExecute(DriverCommandExecutor.java:183)
at org.openqa.selenium.remote.service.DriverCommandExecutor.execute(DriverCommandExecutor.java:158)
at org.openqa.selenium.remote.RemoteWebDriver.execute(RemoteWebDriver.java:543)
at org.openqa.selenium.remote.RemoteWebElement.execute(RemoteWebElement.java:257)
at org.openqa.selenium.remote.RemoteWebElement.click(RemoteWebElement.java:78)
at WalmartCa.webutility.utilities.ElementClick(utilities.java:24)
at WalmartCa.PageObjects.OnboardStep2Object.optionTobeFetch(OnboardStep2Object.java:101)
at WalmartCa.PageObjects.OnboardStep2Object.selectProductType(OnboardStep2Object.java:88)
at WalmartCaTest.OnboardTest.selectProductType(OnboardTest.java:149)
at java.base/jdk.internal.reflect.NativeMethodAccessorImpl.invoke0(Native Method)
at java.base/jdk.internal.reflect.NativeMethodAccessorImpl.invoke(NativeMethodAccessorImpl.java:77)
at java.base/jdk.internal.reflect.DelegatingMethodAccessorImpl.invoke(DelegatingMethodAccessorImpl.java:43)
at java.base/java.lang.reflect.Method.invoke(Method.java:568)
at org.testng.internal.invokers.MethodInvocationHelper.invokeMethod(MethodInvocationHelper.java:139)
at org.testng.internal.invokers.TestInvoker.invokeMethod(TestInvoker.java:664)
at org.testng.internal.invokers.TestInvoker.invokeTestMethod(TestInvoker.java:227)
at org.testng.internal.invokers.MethodRunner.runInSequence(MethodRunner.java:50)
at org.testng.internal.invokers.TestInvoker$MethodInvocationAgent.invoke(TestInvoker.java:957)
at org.testng.internal.invokers.TestInvoker.invokeTestMethods(TestInvoker.java:200)
at org.testng.internal.invokers.TestMethodWorker.invokeTestMethods(TestMethodWorker.java:148)
at org.testng.internal.invokers.TestMethodWorker.run(TestMethodWorker.java:128)
at java.base/java.util.ArrayList.forEach(ArrayList.java:1511)
at org.testng.TestRunner.privateRun(TestRunner.java:848)
at org.testng.TestRunner.run(TestRunner.java:621)
at org.testng.SuiteRunner.runTest(SuiteRunner.java:443)
at org.testng.SuiteRunner.runSequentially(SuiteRunner.java:437)
at org.testng.SuiteRunner.privateRun(SuiteRunner.java:397)
at org.testng.SuiteRunner.run(SuiteRunner.java:336)
at org.testng.SuiteRunnerWorker.runSuite(SuiteRunnerWorker.java:52)
at org.testng.SuiteRunnerWorker.run(SuiteRunnerWorker.java:95)
at org.testng.TestNG.runSuitesSequentially(TestNG.java:1280)
at org.testng.TestNG.runSuitesLocally(TestNG.java:1200)
at org.testng.TestNG.runSuites(TestNG.java:1114)
at org.testng.TestNG.run(TestNG.java:1082)
at org.testng.remote.AbstractRemoteTestNG.run(AbstractRemoteTestNG.java:115)
at org.testng.remote.RemoteTestNG.initAndRun(RemoteTestNG.java:251)
at org.testng.remote.RemoteTestNG.main(RemoteTestNG.java:77)
]]>
            </full-stacktrace>
          </exception> <!-- org.openqa.selenium.ElementClickInterceptedException -->
          <reporter-output>
          </reporter-output>
        </test-method> <!-- selectProductType -->
        <test-method signature="selectProductVendor()[pri:15, instance:WalmartCaTest.OnboardTest@7d3e8655]" started-at="2023-09-23T22:17:22 IST" name="selectProductVendor" finished-at="2023-09-23T22:17:26 IST" duration-ms="3990" status="PASS">
          <reporter-output>
          </reporter-output>
        </test-method> <!-- selectProductVendor -->
        <test-method signature="selectCollection()[pri:16, instance:WalmartCaTest.OnboardTest@7d3e8655]" started-at="2023-09-23T22:17:26 IST" name="selectCollection" finished-at="2023-09-23T22:18:15 IST" duration-ms="49066" status="FAIL">
          <exception class="java.lang.AssertionError">
            <message>
              <![CDATA[Collection options are not showing expected [true] but found [false]]]>
            </message>
            <full-stacktrace>
              <![CDATA[java.lang.AssertionError: Collection options are not showing expected [true] but found [false]
at org.testng.Assert.fail(Assert.java:111)
at org.testng.Assert.failNotEquals(Assert.java:1578)
at org.testng.Assert.assertTrue(Assert.java:57)
at WalmartCaTest.OnboardTest.selectCollection(OnboardTest.java:165)
at java.base/jdk.internal.reflect.NativeMethodAccessorImpl.invoke0(Native Method)
at java.base/jdk.internal.reflect.NativeMethodAccessorImpl.invoke(NativeMethodAccessorImpl.java:77)
at java.base/jdk.internal.reflect.DelegatingMethodAccessorImpl.invoke(DelegatingMethodAccessorImpl.java:43)
at java.base/java.lang.reflect.Method.invoke(Method.java:568)
at org.testng.internal.invokers.MethodInvocationHelper.invokeMethod(MethodInvocationHelper.java:139)
at org.testng.internal.invokers.TestInvoker.invokeMethod(TestInvoker.java:664)
at org.testng.internal.invokers.TestInvoker.invokeTestMethod(TestInvoker.java:227)
at org.testng.internal.invokers.MethodRunner.runInSequence(MethodRunner.java:50)
at org.testng.internal.invokers.TestInvoker$MethodInvocationAgent.invoke(TestInvoker.java:957)
at org.testng.internal.invokers.TestInvoker.invokeTestMethods(TestInvoker.java:200)
at org.testng.internal.invokers.TestMethodWorker.invokeTestMethods(TestMethodWorker.java:148)
at org.testng.internal.invokers.TestMethodWorker.run(TestMethodWorker.java:128)
at java.base/java.util.ArrayList.forEach(ArrayList.java:1511)
at org.testng.TestRunner.privateRun(TestRunner.java:848)
at org.testng.TestRunner.run(TestRunner.java:621)
at org.testng.SuiteRunner.runTest(SuiteRunner.java:443)
at org.testng.SuiteRunner.runSequentially(SuiteRunner.java:437)
at org.testng.SuiteRunner.privateRun(SuiteRunner.java:397)
at org.testng.SuiteRunner.run(SuiteRunner.java:336)
at org.testng.SuiteRunnerWorker.runSuite(SuiteRunnerWorker.java:52)
at org.testng.SuiteRunnerWorker.run(SuiteRunnerWorker.java:95)
at org.testng.TestNG.runSuitesSequentially(TestNG.java:1280)
at org.testng.TestNG.runSuitesLocally(TestNG.java:1200)
at org.testng.TestNG.runSuites(TestNG.java:1114)
at org.testng.TestNG.run(TestNG.java:1082)
at org.testng.remote.AbstractRemoteTestNG.run(AbstractRemoteTestNG.java:115)
at org.testng.remote.RemoteTestNG.initAndRun(RemoteTestNG.java:251)
at org.testng.remote.RemoteTestNG.main(RemoteTestNG.java:77)
]]>
            </full-stacktrace>
          </exception> <!-- java.lang.AssertionError -->
          <reporter-output>
          </reporter-output>
        </test-method> <!-- selectCollection -->
      </class> <!-- WalmartCaTest.OnboardTest -->
    </test> <!-- Test -->
  </suite> <!-- Suite -->
</testng-results>
